<?xml version="1.0" encoding="UTF-8"?>
<!-- Generated by org.testng.reporters.JUnitReportReporter -->
<testsuite hostname="CELSYS028" name="Devices.Home_Back" tests="1" failures="0" timestamp="10 Jul 2017 08:11:55 GMT" time="2.950" errors="0">
  <testcase name="test" time="2.950" classname="Devices.Home_Back"/>
</testsuite> <!-- Devices.Home_Back -->
