<?xml version="1.0" encoding="UTF-8"?>
<!-- Generated by org.testng.reporters.JUnitReportReporter -->
<testsuite hostname="CELSYS028" name="Devices.Spoke_Back" tests="1" failures="0" timestamp="11 Jul 2017 12:37:21 GMT" time="104.590" errors="0">
  <testcase name="test" time="104.590" classname="Devices.Spoke_Back"/>
</testsuite> <!-- Devices.Spoke_Back -->
