<?xml version="1.0" encoding="UTF-8"?>
<!-- Generated by org.testng.reporters.JUnitReportReporter -->
<testsuite hostname="CELSYS028" name="Devices.My_Ribbon2" tests="2" failures="0" timestamp="22 Jun 2017 12:39:46 GMT" time="34.677" errors="0">
  <testcase name="test" time="19.177" classname="Devices.My_Ribbon2"/>
  <testcase name="test" time="15.500" classname="Devices.My_Ribbon2"/>
</testsuite> <!-- Devices.My_Ribbon2 -->
