<?xml version="1.0" encoding="UTF-8"?>
<!-- Generated by org.testng.reporters.JUnitReportReporter -->
<testsuite hostname="CELSYS028" name="Devices.Ribbon_Registration" tests="1" failures="0" timestamp="13 Jul 2017 10:34:06 GMT" time="20.276" errors="0">
  <testcase name="test" time="20.276" classname="Devices.Ribbon_Registration"/>
</testsuite> <!-- Devices.Ribbon_Registration -->
