<?xml version="1.0" encoding="UTF-8"?>
<!-- Generated by org.testng.reporters.JUnitReportReporter -->
<testsuite hostname="CELSYS028" name="Devices.Ribbon_Registration" tests="1" failures="0" timestamp="12 Jul 2017 11:43:37 GMT" time="23.346" errors="0">
  <testcase name="test" time="23.346" classname="Devices.Ribbon_Registration"/>
</testsuite> <!-- Devices.Ribbon_Registration -->
