<?xml version="1.0" encoding="UTF-8"?>
<!-- Generated by org.testng.reporters.JUnitReportReporter -->
<testsuite hostname="CELSYS028" name="Devices.Spoke_Back" tests="1" failures="0" timestamp="12 Jul 2017 07:18:20 GMT" time="125.752" errors="0">
  <testcase name="test" time="125.752" classname="Devices.Spoke_Back"/>
</testsuite> <!-- Devices.Spoke_Back -->
