<?xml version="1.0" encoding="UTF-8"?>
<!-- Generated by org.testng.reporters.JUnitReportReporter -->
<testsuite hostname="CELSYS028" name="Devices.Home_Back" tests="1" failures="0" timestamp="11 Jul 2017 12:17:42 GMT" time="7.776" errors="0">
  <testcase name="test" time="7.776" classname="Devices.Home_Back"/>
</testsuite> <!-- Devices.Home_Back -->
