<?xml version="1.0" encoding="UTF-8"?>
<!-- Generated by org.testng.reporters.JUnitReportReporter -->
<testsuite hostname="CELSYS028" name="Devices.Spoke_Back" tests="1" failures="0" timestamp="26 Jun 2017 08:36:06 GMT" time="15.263" errors="0">
  <testcase name="test" time="15.263" classname="Devices.Spoke_Back"/>
</testsuite> <!-- Devices.Spoke_Back -->
